app/build/outputs/logs/manifest-merger-debug-report.txt
-- Merging decision tree log ---
manifest
ADDED from src\main\AndroidManifest.xml:18:1-147:12
	xmlns:android
		ADDED from src\main\AndroidManifest.xml:18:11-69
	package
		ADDED from src\main\AndroidManifest.xml:19:5-31
		INJECTED from src\main\AndroidManifest.xml
		INJECTED from src\main\AndroidManifest.xml
	android:versionName
		ADDED from src\main\AndroidManifest.xml:21:5-30
		INJECTED from src\main\AndroidManifest.xml
		INJECTED from src\main\AndroidManifest.xml
	android:versionCode
		ADDED from src\main\AndroidManifest.xml:20:5-28
		INJECTED from src\main\AndroidManifest.xml
		INJECTED from src\main\AndroidManifest.xml
uses-sdk
ADDED from src\main\AndroidManifest.xml:23:5-43
	android:targetSdkVersion
		INJECTED from src\main\AndroidManifest.xml
		INJECTED from src\main\AndroidManifest.xml
	android:minSdkVersion
		ADDED from src\main\AndroidManifest.xml:23:15-40
		INJECTED from src\main\AndroidManifest.xml
		INJECTED from src\main\AndroidManifest.xml
uses-permission#android.permission.WRITE_EXTERNAL_STORAGE
ADDED from src\main\AndroidManifest.xml:25:5-81
	android:name
		ADDED from src\main\AndroidManifest.xml:25:22-78
uses-permission#com.android.launcher.permission.INSTALL_SHORTCUT
ADDED from src\main\AndroidManifest.xml:26:5-88
	android:name
		ADDED from src\main\AndroidManifest.xml:26:22-85
uses-permission#android.permission.INTERNET
ADDED from src\main\AndroidManifest.xml:27:5-67
	android:name
		ADDED from src\main\AndroidManifest.xml:27:22-64
uses-permission#android.permission.READ_CONTACTS
ADDED from src\main\AndroidManifest.xml:28:5-72
	android:name
		ADDED from src\main\AndroidManifest.xml:28:22-69
uses-permission#android.permission.MANAGE_ACCOUNTS
ADDED from src\main\AndroidManifest.xml:29:5-74
	android:name
		ADDED from src\main\AndroidManifest.xml:29:22-71
uses-permission#android.permission.AUTHENTICATE_ACCOUNTS
ADDED from src\main\AndroidManifest.xml:30:5-80
	android:name
		ADDED from src\main\AndroidManifest.xml:30:22-77
uses-permission#android.permission.GET_ACCOUNTS
ADDED from src\main\AndroidManifest.xml:31:5-71
	android:name
		ADDED from src\main\AndroidManifest.xml:31:22-68
uses-permission#android.permission.USE_CREDENTIALS
ADDED from src\main\AndroidManifest.xml:32:5-74
	android:name
		ADDED from src\main\AndroidManifest.xml:32:22-71
uses-permission#android.permission.RECEIVE_BOOT_COMPLETED
ADDED from src\main\AndroidManifest.xml:33:5-81
	android:name
		ADDED from src\main\AndroidManifest.xml:33:22-78
application
ADDED from src\main\AndroidManifest.xml:35:5-146:19
	android:label
		ADDED from src\main\AndroidManifest.xml:37:9-41
	android:icon
		ADDED from src\main\AndroidManifest.xml:36:9-42
activity#net.micode.notes.ui.NotesListActivity
ADDED from src\main\AndroidManifest.xml:38:9-49:20
	android:windowSoftInputMode
		ADDED from src\main\AndroidManifest.xml:42:13-52
	android:label
		ADDED from src\main\AndroidManifest.xml:40:13-45
	android:theme
		ADDED from src\main\AndroidManifest.xml:43:13-60
	android:name
		ADDED from src\main\AndroidManifest.xml:39:13-49
	android:launchMode
		ADDED from src\main\AndroidManifest.xml:41:13-43
intent-filter#android.intent.action.MAIN+android.intent.category.LAUNCHER
ADDED from src\main\AndroidManifest.xml:45:13-48:29
action#android.intent.action.MAIN
ADDED from src\main\AndroidManifest.xml:46:17-69
	android:name
		ADDED from src\main\AndroidManifest.xml:46:25-66
category#android.intent.category.LAUNCHER
ADDED from src\main\AndroidManifest.xml:47:17-77
	android:name
		ADDED from src\main\AndroidManifest.xml:47:27-74
activity#net.micode.notes.ui.NoteEditActivity
ADDED from src\main\AndroidManifest.xml:51:9-78:20
	android:name
		ADDED from src\main\AndroidManifest.xml:52:13-48
	android:launchMode
		ADDED from src\main\AndroidManifest.xml:53:13-43
intent-filter#android.intent.action.VIEW+android.intent.category.DEFAULT
ADDED from src\main\AndroidManifest.xml:56:13-61:29
action#android.intent.action.VIEW
ADDED from src\main\AndroidManifest.xml:57:17-69
	android:name
		ADDED from src\main\AndroidManifest.xml:57:25-66
category#android.intent.category.DEFAULT
ADDED from src\main\AndroidManifest.xml:58:17-76
	android:name
		ADDED from src\main\AndroidManifest.xml:58:27-73
data
ADDED from src\main\AndroidManifest.xml:59:17-78
	android:mimeType
		ADDED from src\main\AndroidManifest.xml:59:23-75
intent-filter#android.intent.action.INSERT_OR_EDIT+android.intent.category.DEFAULT
ADDED from src\main\AndroidManifest.xml:63:13-68:29
action#android.intent.action.INSERT_OR_EDIT
ADDED from src\main\AndroidManifest.xml:64:17-79
	android:name
		ADDED from src\main\AndroidManifest.xml:64:25-76
intent-filter#android.intent.action.SEARCH+android.intent.category.DEFAULT
ADDED from src\main\AndroidManifest.xml:70:13-73:29
action#android.intent.action.SEARCH
ADDED from src\main\AndroidManifest.xml:71:17-71
	android:name
		ADDED from src\main\AndroidManifest.xml:71:25-68
meta-data#android.app.searchable
ADDED from src\main\AndroidManifest.xml:75:13-77:54
	android:resource
		ADDED from src\main\AndroidManifest.xml:77:17-51
	android:name
		ADDED from src\main\AndroidManifest.xml:76:17-54
provider#net.micode.notes.data.NotesProvider
ADDED from src\main\AndroidManifest.xml:80:9-83:43
	android:multiprocess
		ADDED from src\main\AndroidManifest.xml:83:13-40
	android:authorities
		ADDED from src\main\AndroidManifest.xml:82:13-47
	android:name
		ADDED from src\main\AndroidManifest.xml:81:13-63
receiver#net.micode.notes.widget.NoteWidgetProvider_2x
ADDED from src\main\AndroidManifest.xml:85:9-97:20
	android:label
		ADDED from src\main\AndroidManifest.xml:87:13-50
	android:name
		ADDED from src\main\AndroidManifest.xml:86:13-57
intent-filter#android.appwidget.action.APPWIDGET_DELETED+android.appwidget.action.APPWIDGET_UPDATE+android.intent.action.PRIVACY_MODE_CHANGED
ADDED from src\main\AndroidManifest.xml:88:13-92:29
action#android.appwidget.action.APPWIDGET_UPDATE
ADDED from src\main\AndroidManifest.xml:89:17-84
	android:name
		ADDED from src\main\AndroidManifest.xml:89:25-81
action#android.appwidget.action.APPWIDGET_DELETED
ADDED from src\main\AndroidManifest.xml:90:17-85
	android:name
		ADDED from src\main\AndroidManifest.xml:90:25-82
action#android.intent.action.PRIVACY_MODE_CHANGED
ADDED from src\main\AndroidManifest.xml:91:17-85
	android:name
		ADDED from src\main\AndroidManifest.xml:91:25-82
meta-data#android.appwidget.provider
ADDED from src\main\AndroidManifest.xml:94:13-96:58
	android:resource
		ADDED from src\main\AndroidManifest.xml:96:17-55
	android:name
		ADDED from src\main\AndroidManifest.xml:95:17-58
receiver#net.micode.notes.widget.NoteWidgetProvider_4x
ADDED from src\main\AndroidManifest.xml:98:9-111:20
	android:label
		ADDED from src\main\AndroidManifest.xml:100:13-50
	android:name
		ADDED from src\main\AndroidManifest.xml:99:13-57
receiver#net.micode.notes.ui.AlarmInitReceiver
ADDED from src\main\AndroidManifest.xml:113:9-117:20
	android:name
		ADDED from src\main\AndroidManifest.xml:113:19-55
intent-filter#android.intent.action.BOOT_COMPLETED
ADDED from src\main\AndroidManifest.xml:114:13-116:29
action#android.intent.action.BOOT_COMPLETED
ADDED from src\main\AndroidManifest.xml:115:17-79
	android:name
		ADDED from src\main\AndroidManifest.xml:115:25-76
receiver#net.micode.notes.ui.AlarmReceiver
ADDED from src\main\AndroidManifest.xml:119:9-122:20
	android:process
		ADDED from src\main\AndroidManifest.xml:121:13-38
	android:name
		ADDED from src\main\AndroidManifest.xml:120:13-61
activity#net.micode.notes.ui.AlarmAlertActivity
ADDED from src\main\AndroidManifest.xml:124:9-129:20
	android:label
		ADDED from src\main\AndroidManifest.xml:126:13-45
	android:name
		ADDED from src\main\AndroidManifest.xml:125:13-50
	android:launchMode
		ADDED from src\main\AndroidManifest.xml:127:13-48
activity#net.micode.notes.ui.NotesPreferenceActivity
ADDED from src\main\AndroidManifest.xml:131:9-136:20
	android:label
		ADDED from src\main\AndroidManifest.xml:133:13-54
	android:name
		ADDED from src\main\AndroidManifest.xml:132:13-71
	android:launchMode
		ADDED from src\main\AndroidManifest.xml:134:13-43
service#net.micode.notes.gtask.remote.GTaskSyncService
ADDED from src\main\AndroidManifest.xml:138:9-141:19
	android:exported
		ADDED from src\main\AndroidManifest.xml:140:13-37
	android:name
		ADDED from src\main\AndroidManifest.xml:139:13-74
meta-data#android.app.default_searchable
ADDED from src\main\AndroidManifest.xml:143:9-145:52
	android:name
		ADDED from src\main\AndroidManifest.xml:144:13-58
	android:value
		ADDED from src\main\AndroidManifest.xml:145:13-49